\BOOKMARK [-1][-]{part.2}{II Calculs acoustiques}{}% 29
\BOOKMARK [0][-]{chapter*.4}{Introduction}{part.2}% 30
\BOOKMARK [0][-]{chapter.4}{Acoustique de salle}{part.2}% 31
\BOOKMARK [1][-]{section.4.1}{G\351n\351ralit\351s sur l'acoustique de salle}{chapter.4}% 32
\BOOKMARK [1][-]{section.4.2}{M\351thodes de calcul acoustique}{chapter.4}% 33
\BOOKMARK [0][-]{chapter.5}{D\351veloppement d'une m\351thode coupl\351e}{part.2}% 34
\BOOKMARK [1][-]{section.5.1}{Introduction}{chapter.5}% 35
\BOOKMARK [1][-]{section.5.2}{Pr\351paration de l'environnement}{chapter.5}% 36
\BOOKMARK [1][-]{section.5.3}{Calcul des rayons}{chapter.5}% 37
\BOOKMARK [1][-]{section.5.4}{Calcul des sources-images}{chapter.5}% 38
\BOOKMARK [1][-]{section.5.5}{G\351n\351ration de r\351ponse impulsionnelle}{chapter.5}% 39
\BOOKMARK [1][-]{section.5.6}{Analyse de complexite}{chapter.5}% 40
\BOOKMARK [1][-]{section.5.7}{M\351thode d'octree}{chapter.5}% 41
\BOOKMARK [0][-]{chapter.6}{Impl\351mentation logiciel et validation}{part.2}% 42
\BOOKMARK [1][-]{section.6.1}{Introduction}{chapter.6}% 43
\BOOKMARK [1][-]{section.6.2}{Configuration logiciel}{chapter.6}% 44
\BOOKMARK [1][-]{section.6.3}{Traitement du signal}{chapter.6}% 45
\BOOKMARK [1][-]{section.6.4}{Add-on Blender}{chapter.6}% 46
\BOOKMARK [1][-]{section.6.5}{Comparaison aux cas test}{chapter.6}% 47
\BOOKMARK [0][-]{chapter*.40}{Conclusion}{part.2}% 48
\BOOKMARK [0][-]{chapter*.41}{R\351f\351rences}{part.2}% 49
\BOOKMARK [0][-]{appendix.B}{Liste des acronymes}{part.2}% 67
\BOOKMARK [0][-]{appendix.C}{Glossaire}{part.2}% 68
