This is pdfTeX, Version 3.14159265-2.6-1.40.17 (TeX Live 2016) (preloaded format=pdflatex 2017.4.18)  3 OCT 2017 15:18
entering extended mode
 restricted \write18 enabled.
 file:line:error style messages enabled.
 %&-line parsing enabled.
**PageDeGarde.tex
(./PageDeGarde.tex
LaTeX2e <2016/03/31>
Babel <3.9r> and hyphenation patterns for 83 language(s) loaded.

./PageDeGarde.tex:122: LaTeX Error: There's no line here to end.

See the LaTeX manual or LaTeX Companion for explanation.
Type  H <return>  for immediate help.
 ...                                              
                                                  
l.122     \vspace
                 {1cm}
? 
./PageDeGarde.tex:122: Emergency stop.
 ...                                              
                                                  
l.122     \vspace
                 {1cm}
Your command was ignored.
Type  I <command> <return>  to replace it with another command,
or  <return>  to continue without it.

 
Here is how much of TeX's memory you used:
 43 strings out of 493014
 559 string characters out of 6133351
 53601 words of memory out of 5000000
 3685 multiletter control sequences out of 15000+600000
 3640 words of font info for 14 fonts, out of 8000000 for 9000
 1141 hyphenation exceptions out of 8191
 7i,0n,6p,95b,14s stack positions out of 5000i,500n,10000p,200000b,80000s
./PageDeGarde.tex:122:  ==> Fatal error occurred, no output PDF file produced!
